2020-02-03T07:14:26.082Z - normal: Load ~/.CocosCreator/settings.json
2020-02-03T07:14:26.117Z - normal: Initializing Asset Database
2020-02-03T07:14:26.119Z - normal: checking language setting...
2020-02-03T07:14:26.119Z - normal: Language: en
2020-02-03T07:14:26.542Z - success: preview server running at http://localhost:7457
2020-02-03T07:14:26.551Z - success: protocol editor-framework registered
2020-02-03T07:14:26.551Z - success: protocol app registered
2020-02-03T07:14:26.551Z - success: protocol theme registered
2020-02-03T07:14:26.551Z - success: protocol packages registered
2020-02-03T07:14:26.551Z - success: protocol uuid registerred
2020-02-03T07:14:26.551Z - success: protocol db registerred
2020-02-03T07:14:26.551Z - success: protocol thumbnail registerred
2020-02-03T07:14:26.552Z - success: protocol unpack registerred
2020-02-03T07:14:26.552Z - success: protocol disable-commonjs registerred
2020-02-03T07:14:27.079Z - normal: connected!
2020-02-03T07:14:27.080Z - normal: Check project /Users/tom/Documents/temp/test_creator_new_line
2020-02-03T07:14:27.081Z - normal: Initializing project /Users/tom/Documents/temp/test_creator_new_line
2020-02-03T07:14:27.329Z - normal: Initializing Cocos2d
2020-02-03T07:14:27.760Z - normal: Initializing engine extends
2020-02-03T07:14:27.781Z - success: alipay-adapter loaded
2020-02-03T07:14:27.787Z - success: asset-db-debugger loaded
2020-02-03T07:14:27.789Z - success: baidu-adapter loaded
2020-02-03T07:14:27.792Z - success: color-picker loaded
2020-02-03T07:14:27.886Z - success: fb-audience-network loaded
2020-02-03T07:14:27.913Z - success: fb-live-stream loaded
2020-02-03T07:14:27.915Z - success: google-play-instant loaded
2020-02-03T07:14:27.918Z - success: huawei-runtime loaded
2020-02-03T07:14:28.056Z - success: cpk-publish loaded
2020-02-03T07:14:28.057Z - success: jsb-adapter loaded
2020-02-03T07:14:28.060Z - success: oppo-runtime loaded
2020-02-03T07:14:28.063Z - success: package-manager loaded
2020-02-03T07:14:28.132Z - success: qqplay-adapter loaded
2020-02-03T07:14:28.133Z - success: runtime-dev-tools loaded
2020-02-03T07:14:28.136Z - success: sdkbox loaded
2020-02-03T07:14:28.139Z - success: tester loaded
2020-02-03T07:14:28.141Z - success: ui-kit-preview-extra loaded
2020-02-03T07:14:28.143Z - success: ui-kit-preview loaded
2020-02-03T07:14:28.145Z - success: ui-kit loaded
2020-02-03T07:14:28.148Z - success: vivo-runtime loaded
2020-02-03T07:14:28.149Z - success: weapp-adapter loaded
2020-02-03T07:14:28.149Z - success: xiaomi-adapter loaded
2020-02-03T07:14:28.150Z - success: alipay-minigame loaded
2020-02-03T07:14:28.183Z - success: assets loaded
2020-02-03T07:14:28.186Z - success: builder loaded
2020-02-03T07:14:28.347Z - success: cocos-services loaded
2020-02-03T07:14:28.352Z - success: console loaded
2020-02-03T07:14:28.376Z - success: fb-instant-games loaded
2020-02-03T07:14:28.379Z - success: game-window loaded
2020-02-03T07:14:28.380Z - success: google-instant-games loaded
2020-02-03T07:14:28.383Z - success: hierarchy loaded
2020-02-03T07:14:28.386Z - success: inspector loaded
2020-02-03T07:14:28.387Z - success: keystore loaded
2020-02-03T07:14:28.390Z - success: node-library loaded
2020-02-03T07:14:28.391Z - success: package-asset loaded
2020-02-03T07:14:28.392Z - success: preferences loaded
2020-02-03T07:14:28.394Z - success: project-exporter loaded
2020-02-03T07:14:28.397Z - success: project-importer loaded
2020-02-03T07:14:28.400Z - success: project-settings loaded
2020-02-03T07:14:28.403Z - success: scene loaded
2020-02-03T07:14:28.404Z - success: simulator-debugger loaded
2020-02-03T07:14:28.405Z - success: sprite-editor loaded
2020-02-03T07:14:28.408Z - success: store loaded
2020-02-03T07:14:28.413Z - success: timeline loaded
2020-02-03T07:14:28.416Z - success: xiaomi-runtime loaded
2020-02-03T07:14:31.907Z - normal: Loading packages
2020-02-03T07:14:31.911Z - normal: Watching packages
2020-02-03T07:14:31.985Z - normal: Run Application
2020-02-03T07:14:32.074Z - info: Cocos Services load base data!
2020-02-03T07:14:35.530Z - info: shutdown preview server
